Removed Pin From Net: NetName=GND Pin=R1-2
Removed Pin From Net: NetName=NetU1_9 Pin=Y1-1
Removed Pin From Net: NetName=NetU1_10 Pin=Y1-2
Added Component: Designator=C1(CAPR5-4X5)
Added Component: Designator=P4(HDR1X6)
Added Pin To Net: NetName=GND Pin=P4-1
Added Pin To Net: NetName=VCC Pin=P4-3
Added Pin To Net: NetName=GND Pin=R1-1
Added Pin To Net: NetName=NetU1_10 Pin=Y1-1
Added Pin To Net: NetName=NetU1_9 Pin=Y1-2
Added Pin To Net: NetName=NetC1_1 Pin=C1-1
Added Pin To Net: NetName=NetC1_1 Pin=P4-5
Added Pin To Net: NetName=NetC1_1 Pin=P4-6
Added Pin To Net: NetName=NetC1_1 Pin=R1-2
Added Pin To Net: NetName=NetC1_1 Pin=U1-3
Added Net: Name=NetC1_1
Added Pin To Net: NetName=NetC1_2 Pin=C1-2
Added Pin To Net: NetName=NetC1_2 Pin=U1-1
Added Net: Name=NetC1_2
Added Pin To Net: NetName=NetP4_4 Pin=P4-4
Added Pin To Net: NetName=NetP4_4 Pin=U1-2
Added Net: Name=NetP4_4
Added Member To Class: ClassName=RelayNode Member=Component C1 Cap2
Added Member To Class: ClassName=RelayNode Member=Component P4 Header 6
